<?xml version="1.0" encoding="UTF-8"?>
<!-- Generated by org.testng.reporters.JUnitXMLReporter -->
<testsuite hostname="WinkidzzDLP" name="Test" tests="2" failures="2" timestamp="4 Mar 2018 11:33:11 GMT" time="96.409" errors="0">
  <testcase name="loginTest" time="49.979" classname="gitTest.GitTest2">
    <failure type="org.openqa.selenium.WebDriverException" message="Failed to connect to binary FirefoxBinary(C:\Program Files\Mozilla Firefox\firefox.exe) on port 7055; process output follows: 
ll},&amp;quot;visible&amp;quot;:true,&amp;quot;active&amp;quot;:true,&amp;quot;userDisabled&amp;quot;:false,&amp;quot;appDisabled&amp;quot;:false,&amp;quot;descriptor&amp;quot;:&amp;quot;C:\\Program Files\\Mozilla Firefox\\browser\\features\\websensehelper@mozilla.org.xpi&amp;quot;,&amp;quot;installDate&amp;quot;:1517055616651,&amp;quot;updateDate&amp;quot;:1517055616651,&amp;quot;applyBackgroundUpdates&amp;quot;:1,&amp;quot;bootstrap&amp;quot;:true,&amp;quot;skinnable&amp;quot;:false,&amp;quot;size&amp;quot;:3110,&amp;quot;sourceURI&amp;quot;:null,&amp;quot;releaseNotesURI&amp;quot;:null,&amp;quot;softDisabled&amp;quot;:false,&amp;quot;foreignInstall&amp;quot;:false,&amp;quot;hasBinaryComponents&amp;quot;:false,&amp;quot;strictCompatibility&amp;quot;:false,&amp;quot;locales&amp;quot;:[],&amp;quot;targetApplications&amp;quot;:[{&amp;quot;id&amp;quot;:&amp;quot;{ec8030f7-c20a-464f-9b0e-13a3a9e97384}&amp;quot;,&amp;quot;minVersion&amp;quot;:&amp;quot;47.0.2&amp;quot;,&amp;quot;maxVersion&amp;quot;:&amp;quot;47.*&amp;quot;}],&amp;quot;targetPlatforms&amp;quot;:[],&amp;quot;multiprocessCompatible&amp;quot;:false,&amp;quot;seen&amp;quot;:true}
1520163101535	addons.xpi	DEBUG	getModTime: Recursive scan of websensehelper@mozilla.org
1520163101536	addons.xpi	DEBUG	Updating XPIState for {&amp;quot;id&amp;quot;:&amp;quot;{972ce4c6-7e08-4474-a285-3208198ce6fd}&amp;quot;,&amp;quot;syncGUID&amp;quot;:&amp;quot;-z75fUAQJIL-&amp;quot;,&amp;quot;location&amp;quot;:&amp;quot;app-global&amp;quot;,&amp;quot;version&amp;quot;:&amp;quot;47.0.2&amp;quot;,&amp;quot;type&amp;quot;:&amp;quot;theme&amp;quot;,&amp;quot;internalName&amp;quot;:&amp;quot;classic/1.0&amp;quot;,&amp;quot;updateURL&amp;quot;:null,&amp;quot;updateKey&amp;quot;:null,&amp;quot;optionsURL&amp;quot;:null,&amp;quot;optionsType&amp;quot;:null,&amp;quot;aboutURL&amp;quot;:null,&amp;quot;icons&amp;quot;:{&amp;quot;32&amp;quot;:&amp;quot;icon.png&amp;quot;,&amp;quot;48&amp;quot;:&amp;quot;icon.png&amp;quot;},&amp;quot;iconURL&amp;quot;:null,&amp;quot;icon64URL&amp;quot;:null,&amp;quot;defaultLocale&amp;quot;:{&amp;quot;name&amp;quot;:&amp;quot;Default&amp;quot;,&amp;quot;description&amp;quot;:&amp;quot;The default theme.&amp;quot;,&amp;quot;creator&amp;quot;:&amp;quot;Mozilla&amp;quot;,&amp;quot;homepageURL&amp;quot;:null,&amp;quot;contributors&amp;quot;:[&amp;quot;Mozilla Contributors&amp;quot;]},&amp;quot;visible&amp;quot;:true,&amp;quot;active&amp;quot;:true,&amp;quot;userDisabled&amp;quot;:false,&amp;quot;appDisabled&amp;quot;:false,&amp;quot;descriptor&amp;quot;:&amp;quot;C:\\Program Files\\Mozilla Firefox\\browser\\extensions\\{972ce4c6-7e08-4474-a285-3208198ce6fd}.xpi&amp;quot;,&amp;quot;installDate&amp;quot;:1517055616635,&amp;quot;updateDate&amp;quot;:1517055616635,&amp;quot;applyBackgroundUpdates&amp;quot;:1,&amp;quot;skinnable&amp;quot;:true,&amp;quot;size&amp;quot;:22012,&amp;quot;sourceURI&amp;quot;:null,&amp;quot;releaseNotesURI&amp;quot;:null,&amp;quot;softDisabled&amp;quot;:false,&amp;quot;foreignInstall&amp;quot;:false,&amp;quot;hasBinaryComponents&amp;quot;:false,&amp;quot;strictCompatibility&amp;quot;:true,&amp;quot;locales&amp;quot;:[],&amp;quot;targetApplications&amp;quot;:[{&amp;quot;id&amp;quot;:&amp;quot;{ec8030f7-c20a-464f-9b0e-13a3a9e97384}&amp;quot;,&amp;quot;minVersion&amp;quot;:&amp;quot;47.0.2&amp;quot;,&amp;quot;maxVersion&amp;quot;:&amp;quot;47.0.2&amp;quot;}],&amp;quot;targetPlatforms&amp;quot;:[],&amp;quot;seen&amp;quot;:true}
1520163101537	addons.xpi	DEBUG	getModTime: Recursive scan of {972ce4c6-7e08-4474-a285-3208198ce6fd}
1520163101540	DeferredSave.extensions.json	DEBUG	Save changes
1520163101540	addons.xpi	DEBUG	Updating database with changes to installed add-ons
1520163101541	addons.xpi-utils	DEBUG	Updating add-on states
1520163101543	addons.xpi-utils	DEBUG	Writing add-ons list
1520163101549	addons.xpi	DEBUG	Registering manifest for C:\Program Files\Mozilla Firefox\browser\features\e10srollout@mozilla.org.xpi
1520163101551	addons.xpi	DEBUG	Calling bootstrap method startup on e10srollout@mozilla.org version 1.0
1520163101551	addons.xpi	DEBUG	Registering manifest for C:\Program Files\Mozilla Firefox\browser\features\firefox@getpocket.com.xpi
1520163101552	addons.xpi	DEBUG	Calling bootstrap method startup on firefox@getpocket.com version 1.0.2
1520163101554	addons.xpi	DEBUG	Registering manifest for C:\Program Files\Mozilla Firefox\browser\features\loop@mozilla.org.xpi
1520163101556	addons.xpi	DEBUG	Calling bootstrap method startup on loop@mozilla.org version 1.3.2
1520163101609	addons.xpi	DEBUG	Registering manifest for C:\Program Files\Mozilla Firefox\browser\features\websensehelper@mozilla.org.xpi
1520163101611	addons.xpi	DEBUG	Calling bootstrap method startup on websensehelper@mozilla.org version 1.0
1520163101617	addons.manager	DEBUG	Registering shutdown blocker for XPIProvider
1520163101618	addons.manager	DEBUG	Provider finished startup: XPIProvider
1520163101618	addons.manager	DEBUG	Starting provider: LightweightThemeManager
1520163101618	addons.manager	DEBUG	Registering shutdown blocker for LightweightThemeManager
1520163101618	addons.manager	DEBUG	Provider finished startup: LightweightThemeManager
1520163101619	addons.manager	DEBUG	Starting provider: GMPProvider
1520163101633	addons.manager	DEBUG	Registering shutdown blocker for GMPProvider
1520163101634	addons.manager	DEBUG	Provider finished startup: GMPProvider
1520163101634	addons.manager	DEBUG	Starting provider: PluginProvider
1520163101635	addons.manager	DEBUG	Registering shutdown blocker for PluginProvider
1520163101635	addons.manager	DEBUG	Provider finished startup: PluginProvider
1520163101636	addons.manager	DEBUG	Completed startup sequence

Build info: version: &amp;apos;2.53.1&amp;apos;, revision: &amp;apos;a36b8b1&amp;apos;, time: &amp;apos;2016-06-30 17:37:03&amp;apos;
System info: host: &amp;apos;WinkidzzDLP&amp;apos;, ip: &amp;apos;192.168.0.119&amp;apos;, os.name: &amp;apos;Windows 7&amp;apos;, os.arch: &amp;apos;amd64&amp;apos;, os.version: &amp;apos;6.1&amp;apos;, java.version: &amp;apos;1.8.0_151&amp;apos;
Driver info: driver.version: FirefoxDriver">
      <![CDATA[org.openqa.selenium.WebDriverException: Failed to connect to binary FirefoxBinary(C:\Program Files\Mozilla Firefox\firefox.exe) on port 7055; process output follows: 
ll},"visible":true,"active":true,"userDisabled":false,"appDisabled":false,"descriptor":"C:\\Program Files\\Mozilla Firefox\\browser\\features\\websensehelper@mozilla.org.xpi","installDate":1517055616651,"updateDate":1517055616651,"applyBackgroundUpdates":1,"bootstrap":true,"skinnable":false,"size":3110,"sourceURI":null,"releaseNotesURI":null,"softDisabled":false,"foreignInstall":false,"hasBinaryComponents":false,"strictCompatibility":false,"locales":[],"targetApplications":[{"id":"{ec8030f7-c20a-464f-9b0e-13a3a9e97384}","minVersion":"47.0.2","maxVersion":"47.*"}],"targetPlatforms":[],"multiprocessCompatible":false,"seen":true}
1520163101535	addons.xpi	DEBUG	getModTime: Recursive scan of websensehelper@mozilla.org
1520163101536	addons.xpi	DEBUG	Updating XPIState for {"id":"{972ce4c6-7e08-4474-a285-3208198ce6fd}","syncGUID":"-z75fUAQJIL-","location":"app-global","version":"47.0.2","type":"theme","internalName":"classic/1.0","updateURL":null,"updateKey":null,"optionsURL":null,"optionsType":null,"aboutURL":null,"icons":{"32":"icon.png","48":"icon.png"},"iconURL":null,"icon64URL":null,"defaultLocale":{"name":"Default","description":"The default theme.","creator":"Mozilla","homepageURL":null,"contributors":["Mozilla Contributors"]},"visible":true,"active":true,"userDisabled":false,"appDisabled":false,"descriptor":"C:\\Program Files\\Mozilla Firefox\\browser\\extensions\\{972ce4c6-7e08-4474-a285-3208198ce6fd}.xpi","installDate":1517055616635,"updateDate":1517055616635,"applyBackgroundUpdates":1,"skinnable":true,"size":22012,"sourceURI":null,"releaseNotesURI":null,"softDisabled":false,"foreignInstall":false,"hasBinaryComponents":false,"strictCompatibility":true,"locales":[],"targetApplications":[{"id":"{ec8030f7-c20a-464f-9b0e-13a3a9e97384}","minVersion":"47.0.2","maxVersion":"47.0.2"}],"targetPlatforms":[],"seen":true}
1520163101537	addons.xpi	DEBUG	getModTime: Recursive scan of {972ce4c6-7e08-4474-a285-3208198ce6fd}
1520163101540	DeferredSave.extensions.json	DEBUG	Save changes
1520163101540	addons.xpi	DEBUG	Updating database with changes to installed add-ons
1520163101541	addons.xpi-utils	DEBUG	Updating add-on states
1520163101543	addons.xpi-utils	DEBUG	Writing add-ons list
1520163101549	addons.xpi	DEBUG	Registering manifest for C:\Program Files\Mozilla Firefox\browser\features\e10srollout@mozilla.org.xpi
1520163101551	addons.xpi	DEBUG	Calling bootstrap method startup on e10srollout@mozilla.org version 1.0
1520163101551	addons.xpi	DEBUG	Registering manifest for C:\Program Files\Mozilla Firefox\browser\features\firefox@getpocket.com.xpi
1520163101552	addons.xpi	DEBUG	Calling bootstrap method startup on firefox@getpocket.com version 1.0.2
1520163101554	addons.xpi	DEBUG	Registering manifest for C:\Program Files\Mozilla Firefox\browser\features\loop@mozilla.org.xpi
1520163101556	addons.xpi	DEBUG	Calling bootstrap method startup on loop@mozilla.org version 1.3.2
1520163101609	addons.xpi	DEBUG	Registering manifest for C:\Program Files\Mozilla Firefox\browser\features\websensehelper@mozilla.org.xpi
1520163101611	addons.xpi	DEBUG	Calling bootstrap method startup on websensehelper@mozilla.org version 1.0
1520163101617	addons.manager	DEBUG	Registering shutdown blocker for XPIProvider
1520163101618	addons.manager	DEBUG	Provider finished startup: XPIProvider
1520163101618	addons.manager	DEBUG	Starting provider: LightweightThemeManager
1520163101618	addons.manager	DEBUG	Registering shutdown blocker for LightweightThemeManager
1520163101618	addons.manager	DEBUG	Provider finished startup: LightweightThemeManager
1520163101619	addons.manager	DEBUG	Starting provider: GMPProvider
1520163101633	addons.manager	DEBUG	Registering shutdown blocker for GMPProvider
1520163101634	addons.manager	DEBUG	Provider finished startup: GMPProvider
1520163101634	addons.manager	DEBUG	Starting provider: PluginProvider
1520163101635	addons.manager	DEBUG	Registering shutdown blocker for PluginProvider
1520163101635	addons.manager	DEBUG	Provider finished startup: PluginProvider
1520163101636	addons.manager	DEBUG	Completed startup sequence

Build info: version: '2.53.1', revision: 'a36b8b1', time: '2016-06-30 17:37:03'
System info: host: 'WinkidzzDLP', ip: '192.168.0.119', os.name: 'Windows 7', os.arch: 'amd64', os.version: '6.1', java.version: '1.8.0_151'
Driver info: driver.version: FirefoxDriver
	at org.openqa.selenium.firefox.internal.NewProfileExtensionConnection.start(NewProfileExtensionConnection.java:124)
	at org.openqa.selenium.firefox.FirefoxDriver.startClient(FirefoxDriver.java:271)
	at org.openqa.selenium.remote.RemoteWebDriver.<init>(RemoteWebDriver.java:119)
	at org.openqa.selenium.firefox.FirefoxDriver.<init>(FirefoxDriver.java:218)
	at org.openqa.selenium.firefox.FirefoxDriver.<init>(FirefoxDriver.java:211)
	at org.openqa.selenium.firefox.FirefoxDriver.<init>(FirefoxDriver.java:207)
	at org.openqa.selenium.firefox.FirefoxDriver.<init>(FirefoxDriver.java:120)
	at gitTest.GitTest2.loginTest(GitTest2.java:19)
Caused by: org.openqa.selenium.firefox.NotConnectedException: Unable to connect to host 127.0.0.1 on port 7055 after 45000 ms. Firefox console output:
ll},"visible":true,"active":true,"userDisabled":false,"appDisabled":false,"descriptor":"C:\\Program Files\\Mozilla Firefox\\browser\\features\\websensehelper@mozilla.org.xpi","installDate":1517055616651,"updateDate":1517055616651,"applyBackgroundUpdates":1,"bootstrap":true,"skinnable":false,"size":3110,"sourceURI":null,"releaseNotesURI":null,"softDisabled":false,"foreignInstall":false,"hasBinaryComponents":false,"strictCompatibility":false,"locales":[],"targetApplications":[{"id":"{ec8030f7-c20a-464f-9b0e-13a3a9e97384}","minVersion":"47.0.2","maxVersion":"47.*"}],"targetPlatforms":[],"multiprocessCompatible":false,"seen":true}
1520163101535	addons.xpi	DEBUG	getModTime: Recursive scan of websensehelper@mozilla.org
1520163101536	addons.xpi	DEBUG	Updating XPIState for {"id":"{972ce4c6-7e08-4474-a285-3208198ce6fd}","syncGUID":"-z75fUAQJIL-","location":"app-global","version":"47.0.2","type":"theme","internalName":"classic/1.0","updateURL":null,"updateKey":null,"optionsURL":null,"optionsType":null,"aboutURL":null,"icons":{"32":"icon.png","48":"icon.png"},"iconURL":null,"icon64URL":null,"defaultLocale":{"name":"Default","description":"The default theme.","creator":"Mozilla","homepageURL":null,"contributors":["Mozilla Contributors"]},"visible":true,"active":true,"userDisabled":false,"appDisabled":false,"descriptor":"C:\\Program Files\\Mozilla Firefox\\browser\\extensions\\{972ce4c6-7e08-4474-a285-3208198ce6fd}.xpi","installDate":1517055616635,"updateDate":1517055616635,"applyBackgroundUpdates":1,"skinnable":true,"size":22012,"sourceURI":null,"releaseNotesURI":null,"softDisabled":false,"foreignInstall":false,"hasBinaryComponents":false,"strictCompatibility":true,"locales":[],"targetApplications":[{"id":"{ec8030f7-c20a-464f-9b0e-13a3a9e97384}","minVersion":"47.0.2","maxVersion":"47.0.2"}],"targetPlatforms":[],"seen":true}
1520163101537	addons.xpi	DEBUG	getModTime: Recursive scan of {972ce4c6-7e08-4474-a285-3208198ce6fd}
1520163101540	DeferredSave.extensions.json	DEBUG	Save changes
1520163101540	addons.xpi	DEBUG	Updating database with changes to installed add-ons
1520163101541	addons.xpi-utils	DEBUG	Updating add-on states
1520163101543	addons.xpi-utils	DEBUG	Writing add-ons list
1520163101549	addons.xpi	DEBUG	Registering manifest for C:\Program Files\Mozilla Firefox\browser\features\e10srollout@mozilla.org.xpi
1520163101551	addons.xpi	DEBUG	Calling bootstrap method startup on e10srollout@mozilla.org version 1.0
1520163101551	addons.xpi	DEBUG	Registering manifest for C:\Program Files\Mozilla Firefox\browser\features\firefox@getpocket.com.xpi
1520163101552	addons.xpi	DEBUG	Calling bootstrap method startup on firefox@getpocket.com version 1.0.2
1520163101554	addons.xpi	DEBUG	Registering manifest for C:\Program Files\Mozilla Firefox\browser\features\loop@mozilla.org.xpi
1520163101556	addons.xpi	DEBUG	Calling bootstrap method startup on loop@mozilla.org version 1.3.2
1520163101609	addons.xpi	DEBUG	Registering manifest for C:\Program Files\Mozilla Firefox\browser\features\websensehelper@mozilla.org.xpi
1520163101611	addons.xpi	DEBUG	Calling bootstrap method startup on websensehelper@mozilla.org version 1.0
1520163101617	addons.manager	DEBUG	Registering shutdown blocker for XPIProvider
1520163101618	addons.manager	DEBUG	Provider finished startup: XPIProvider
1520163101618	addons.manager	DEBUG	Starting provider: LightweightThemeManager
1520163101618	addons.manager	DEBUG	Registering shutdown blocker for LightweightThemeManager
1520163101618	addons.manager	DEBUG	Provider finished startup: LightweightThemeManager
1520163101619	addons.manager	DEBUG	Starting provider: GMPProvider
1520163101633	addons.manager	DEBUG	Registering shutdown blocker for GMPProvider
1520163101634	addons.manager	DEBUG	Provider finished startup: GMPProvider
1520163101634	addons.manager	DEBUG	Starting provider: PluginProvider
1520163101635	addons.manager	DEBUG	Registering shutdown blocker for PluginProvider
1520163101635	addons.manager	DEBUG	Provider finished startup: PluginProvider
1520163101636	addons.manager	DEBUG	Completed startup sequence

	at org.openqa.selenium.firefox.internal.NewProfileExtensionConnection.start(NewProfileExtensionConnection.java:112)
	... 31 more
... Removed 24 stack frames]]>
    </failure>
  </testcase> <!-- loginTest -->
  <testcase name="loginTest" time="46.236" classname="gitTest.GitTest">
    <failure type="org.openqa.selenium.WebDriverException" message="Failed to connect to binary FirefoxBinary(C:\Program Files\Mozilla Firefox\firefox.exe) on port 7055; process output follows: 
ll},&amp;quot;visible&amp;quot;:true,&amp;quot;active&amp;quot;:true,&amp;quot;userDisabled&amp;quot;:false,&amp;quot;appDisabled&amp;quot;:false,&amp;quot;descriptor&amp;quot;:&amp;quot;C:\\Program Files\\Mozilla Firefox\\browser\\features\\websensehelper@mozilla.org.xpi&amp;quot;,&amp;quot;installDate&amp;quot;:1517055616651,&amp;quot;updateDate&amp;quot;:1517055616651,&amp;quot;applyBackgroundUpdates&amp;quot;:1,&amp;quot;bootstrap&amp;quot;:true,&amp;quot;skinnable&amp;quot;:false,&amp;quot;size&amp;quot;:3110,&amp;quot;sourceURI&amp;quot;:null,&amp;quot;releaseNotesURI&amp;quot;:null,&amp;quot;softDisabled&amp;quot;:false,&amp;quot;foreignInstall&amp;quot;:false,&amp;quot;hasBinaryComponents&amp;quot;:false,&amp;quot;strictCompatibility&amp;quot;:false,&amp;quot;locales&amp;quot;:[],&amp;quot;targetApplications&amp;quot;:[{&amp;quot;id&amp;quot;:&amp;quot;{ec8030f7-c20a-464f-9b0e-13a3a9e97384}&amp;quot;,&amp;quot;minVersion&amp;quot;:&amp;quot;47.0.2&amp;quot;,&amp;quot;maxVersion&amp;quot;:&amp;quot;47.*&amp;quot;}],&amp;quot;targetPlatforms&amp;quot;:[],&amp;quot;multiprocessCompatible&amp;quot;:false,&amp;quot;seen&amp;quot;:true}
1520163147729	addons.xpi	DEBUG	getModTime: Recursive scan of websensehelper@mozilla.org
1520163147735	addons.xpi	DEBUG	Updating XPIState for {&amp;quot;id&amp;quot;:&amp;quot;{972ce4c6-7e08-4474-a285-3208198ce6fd}&amp;quot;,&amp;quot;syncGUID&amp;quot;:&amp;quot;YsGv6dyptJKx&amp;quot;,&amp;quot;location&amp;quot;:&amp;quot;app-global&amp;quot;,&amp;quot;version&amp;quot;:&amp;quot;47.0.2&amp;quot;,&amp;quot;type&amp;quot;:&amp;quot;theme&amp;quot;,&amp;quot;internalName&amp;quot;:&amp;quot;classic/1.0&amp;quot;,&amp;quot;updateURL&amp;quot;:null,&amp;quot;updateKey&amp;quot;:null,&amp;quot;optionsURL&amp;quot;:null,&amp;quot;optionsType&amp;quot;:null,&amp;quot;aboutURL&amp;quot;:null,&amp;quot;icons&amp;quot;:{&amp;quot;32&amp;quot;:&amp;quot;icon.png&amp;quot;,&amp;quot;48&amp;quot;:&amp;quot;icon.png&amp;quot;},&amp;quot;iconURL&amp;quot;:null,&amp;quot;icon64URL&amp;quot;:null,&amp;quot;defaultLocale&amp;quot;:{&amp;quot;name&amp;quot;:&amp;quot;Default&amp;quot;,&amp;quot;description&amp;quot;:&amp;quot;The default theme.&amp;quot;,&amp;quot;creator&amp;quot;:&amp;quot;Mozilla&amp;quot;,&amp;quot;homepageURL&amp;quot;:null,&amp;quot;contributors&amp;quot;:[&amp;quot;Mozilla Contributors&amp;quot;]},&amp;quot;visible&amp;quot;:true,&amp;quot;active&amp;quot;:true,&amp;quot;userDisabled&amp;quot;:false,&amp;quot;appDisabled&amp;quot;:false,&amp;quot;descriptor&amp;quot;:&amp;quot;C:\\Program Files\\Mozilla Firefox\\browser\\extensions\\{972ce4c6-7e08-4474-a285-3208198ce6fd}.xpi&amp;quot;,&amp;quot;installDate&amp;quot;:1517055616635,&amp;quot;updateDate&amp;quot;:1517055616635,&amp;quot;applyBackgroundUpdates&amp;quot;:1,&amp;quot;skinnable&amp;quot;:true,&amp;quot;size&amp;quot;:22012,&amp;quot;sourceURI&amp;quot;:null,&amp;quot;releaseNotesURI&amp;quot;:null,&amp;quot;softDisabled&amp;quot;:false,&amp;quot;foreignInstall&amp;quot;:false,&amp;quot;hasBinaryComponents&amp;quot;:false,&amp;quot;strictCompatibility&amp;quot;:true,&amp;quot;locales&amp;quot;:[],&amp;quot;targetApplications&amp;quot;:[{&amp;quot;id&amp;quot;:&amp;quot;{ec8030f7-c20a-464f-9b0e-13a3a9e97384}&amp;quot;,&amp;quot;minVersion&amp;quot;:&amp;quot;47.0.2&amp;quot;,&amp;quot;maxVersion&amp;quot;:&amp;quot;47.0.2&amp;quot;}],&amp;quot;targetPlatforms&amp;quot;:[],&amp;quot;seen&amp;quot;:true}
1520163147736	addons.xpi	DEBUG	getModTime: Recursive scan of {972ce4c6-7e08-4474-a285-3208198ce6fd}
1520163147739	DeferredSave.extensions.json	DEBUG	Save changes
1520163147739	addons.xpi	DEBUG	Updating database with changes to installed add-ons
1520163147739	addons.xpi-utils	DEBUG	Updating add-on states
1520163147742	addons.xpi-utils	DEBUG	Writing add-ons list
1520163147755	addons.xpi	DEBUG	Registering manifest for C:\Program Files\Mozilla Firefox\browser\features\e10srollout@mozilla.org.xpi
1520163147758	addons.xpi	DEBUG	Calling bootstrap method startup on e10srollout@mozilla.org version 1.0
1520163147758	addons.xpi	DEBUG	Registering manifest for C:\Program Files\Mozilla Firefox\browser\features\firefox@getpocket.com.xpi
1520163147765	addons.xpi	DEBUG	Calling bootstrap method startup on firefox@getpocket.com version 1.0.2
1520163147767	addons.xpi	DEBUG	Registering manifest for C:\Program Files\Mozilla Firefox\browser\features\loop@mozilla.org.xpi
1520163147773	addons.xpi	DEBUG	Calling bootstrap method startup on loop@mozilla.org version 1.3.2
1520163147876	addons.xpi	DEBUG	Registering manifest for C:\Program Files\Mozilla Firefox\browser\features\websensehelper@mozilla.org.xpi
1520163147882	addons.xpi	DEBUG	Calling bootstrap method startup on websensehelper@mozilla.org version 1.0
1520163147892	addons.manager	DEBUG	Registering shutdown blocker for XPIProvider
1520163147893	addons.manager	DEBUG	Provider finished startup: XPIProvider
1520163147894	addons.manager	DEBUG	Starting provider: LightweightThemeManager
1520163147894	addons.manager	DEBUG	Registering shutdown blocker for LightweightThemeManager
1520163147897	addons.manager	DEBUG	Provider finished startup: LightweightThemeManager
1520163147899	addons.manager	DEBUG	Starting provider: GMPProvider
1520163147934	addons.manager	DEBUG	Registering shutdown blocker for GMPProvider
1520163147935	addons.manager	DEBUG	Provider finished startup: GMPProvider
1520163147935	addons.manager	DEBUG	Starting provider: PluginProvider
1520163147935	addons.manager	DEBUG	Registering shutdown blocker for PluginProvider
1520163147936	addons.manager	DEBUG	Provider finished startup: PluginProvider
1520163147937	addons.manager	DEBUG	Completed startup sequence

Build info: version: &amp;apos;2.53.1&amp;apos;, revision: &amp;apos;a36b8b1&amp;apos;, time: &amp;apos;2016-06-30 17:37:03&amp;apos;
System info: host: &amp;apos;WinkidzzDLP&amp;apos;, ip: &amp;apos;192.168.0.119&amp;apos;, os.name: &amp;apos;Windows 7&amp;apos;, os.arch: &amp;apos;amd64&amp;apos;, os.version: &amp;apos;6.1&amp;apos;, java.version: &amp;apos;1.8.0_151&amp;apos;
Driver info: driver.version: FirefoxDriver">
      <![CDATA[org.openqa.selenium.WebDriverException: Failed to connect to binary FirefoxBinary(C:\Program Files\Mozilla Firefox\firefox.exe) on port 7055; process output follows: 
ll},"visible":true,"active":true,"userDisabled":false,"appDisabled":false,"descriptor":"C:\\Program Files\\Mozilla Firefox\\browser\\features\\websensehelper@mozilla.org.xpi","installDate":1517055616651,"updateDate":1517055616651,"applyBackgroundUpdates":1,"bootstrap":true,"skinnable":false,"size":3110,"sourceURI":null,"releaseNotesURI":null,"softDisabled":false,"foreignInstall":false,"hasBinaryComponents":false,"strictCompatibility":false,"locales":[],"targetApplications":[{"id":"{ec8030f7-c20a-464f-9b0e-13a3a9e97384}","minVersion":"47.0.2","maxVersion":"47.*"}],"targetPlatforms":[],"multiprocessCompatible":false,"seen":true}
1520163147729	addons.xpi	DEBUG	getModTime: Recursive scan of websensehelper@mozilla.org
1520163147735	addons.xpi	DEBUG	Updating XPIState for {"id":"{972ce4c6-7e08-4474-a285-3208198ce6fd}","syncGUID":"YsGv6dyptJKx","location":"app-global","version":"47.0.2","type":"theme","internalName":"classic/1.0","updateURL":null,"updateKey":null,"optionsURL":null,"optionsType":null,"aboutURL":null,"icons":{"32":"icon.png","48":"icon.png"},"iconURL":null,"icon64URL":null,"defaultLocale":{"name":"Default","description":"The default theme.","creator":"Mozilla","homepageURL":null,"contributors":["Mozilla Contributors"]},"visible":true,"active":true,"userDisabled":false,"appDisabled":false,"descriptor":"C:\\Program Files\\Mozilla Firefox\\browser\\extensions\\{972ce4c6-7e08-4474-a285-3208198ce6fd}.xpi","installDate":1517055616635,"updateDate":1517055616635,"applyBackgroundUpdates":1,"skinnable":true,"size":22012,"sourceURI":null,"releaseNotesURI":null,"softDisabled":false,"foreignInstall":false,"hasBinaryComponents":false,"strictCompatibility":true,"locales":[],"targetApplications":[{"id":"{ec8030f7-c20a-464f-9b0e-13a3a9e97384}","minVersion":"47.0.2","maxVersion":"47.0.2"}],"targetPlatforms":[],"seen":true}
1520163147736	addons.xpi	DEBUG	getModTime: Recursive scan of {972ce4c6-7e08-4474-a285-3208198ce6fd}
1520163147739	DeferredSave.extensions.json	DEBUG	Save changes
1520163147739	addons.xpi	DEBUG	Updating database with changes to installed add-ons
1520163147739	addons.xpi-utils	DEBUG	Updating add-on states
1520163147742	addons.xpi-utils	DEBUG	Writing add-ons list
1520163147755	addons.xpi	DEBUG	Registering manifest for C:\Program Files\Mozilla Firefox\browser\features\e10srollout@mozilla.org.xpi
1520163147758	addons.xpi	DEBUG	Calling bootstrap method startup on e10srollout@mozilla.org version 1.0
1520163147758	addons.xpi	DEBUG	Registering manifest for C:\Program Files\Mozilla Firefox\browser\features\firefox@getpocket.com.xpi
1520163147765	addons.xpi	DEBUG	Calling bootstrap method startup on firefox@getpocket.com version 1.0.2
1520163147767	addons.xpi	DEBUG	Registering manifest for C:\Program Files\Mozilla Firefox\browser\features\loop@mozilla.org.xpi
1520163147773	addons.xpi	DEBUG	Calling bootstrap method startup on loop@mozilla.org version 1.3.2
1520163147876	addons.xpi	DEBUG	Registering manifest for C:\Program Files\Mozilla Firefox\browser\features\websensehelper@mozilla.org.xpi
1520163147882	addons.xpi	DEBUG	Calling bootstrap method startup on websensehelper@mozilla.org version 1.0
1520163147892	addons.manager	DEBUG	Registering shutdown blocker for XPIProvider
1520163147893	addons.manager	DEBUG	Provider finished startup: XPIProvider
1520163147894	addons.manager	DEBUG	Starting provider: LightweightThemeManager
1520163147894	addons.manager	DEBUG	Registering shutdown blocker for LightweightThemeManager
1520163147897	addons.manager	DEBUG	Provider finished startup: LightweightThemeManager
1520163147899	addons.manager	DEBUG	Starting provider: GMPProvider
1520163147934	addons.manager	DEBUG	Registering shutdown blocker for GMPProvider
1520163147935	addons.manager	DEBUG	Provider finished startup: GMPProvider
1520163147935	addons.manager	DEBUG	Starting provider: PluginProvider
1520163147935	addons.manager	DEBUG	Registering shutdown blocker for PluginProvider
1520163147936	addons.manager	DEBUG	Provider finished startup: PluginProvider
1520163147937	addons.manager	DEBUG	Completed startup sequence

Build info: version: '2.53.1', revision: 'a36b8b1', time: '2016-06-30 17:37:03'
System info: host: 'WinkidzzDLP', ip: '192.168.0.119', os.name: 'Windows 7', os.arch: 'amd64', os.version: '6.1', java.version: '1.8.0_151'
Driver info: driver.version: FirefoxDriver
	at org.openqa.selenium.firefox.internal.NewProfileExtensionConnection.start(NewProfileExtensionConnection.java:124)
	at org.openqa.selenium.firefox.FirefoxDriver.startClient(FirefoxDriver.java:271)
	at org.openqa.selenium.remote.RemoteWebDriver.<init>(RemoteWebDriver.java:119)
	at org.openqa.selenium.firefox.FirefoxDriver.<init>(FirefoxDriver.java:218)
	at org.openqa.selenium.firefox.FirefoxDriver.<init>(FirefoxDriver.java:211)
	at org.openqa.selenium.firefox.FirefoxDriver.<init>(FirefoxDriver.java:207)
	at org.openqa.selenium.firefox.FirefoxDriver.<init>(FirefoxDriver.java:120)
	at gitTest.GitTest.loginTest(GitTest.java:19)
Caused by: org.openqa.selenium.firefox.NotConnectedException: Unable to connect to host 127.0.0.1 on port 7055 after 45000 ms. Firefox console output:
ll},"visible":true,"active":true,"userDisabled":false,"appDisabled":false,"descriptor":"C:\\Program Files\\Mozilla Firefox\\browser\\features\\websensehelper@mozilla.org.xpi","installDate":1517055616651,"updateDate":1517055616651,"applyBackgroundUpdates":1,"bootstrap":true,"skinnable":false,"size":3110,"sourceURI":null,"releaseNotesURI":null,"softDisabled":false,"foreignInstall":false,"hasBinaryComponents":false,"strictCompatibility":false,"locales":[],"targetApplications":[{"id":"{ec8030f7-c20a-464f-9b0e-13a3a9e97384}","minVersion":"47.0.2","maxVersion":"47.*"}],"targetPlatforms":[],"multiprocessCompatible":false,"seen":true}
1520163147729	addons.xpi	DEBUG	getModTime: Recursive scan of websensehelper@mozilla.org
1520163147735	addons.xpi	DEBUG	Updating XPIState for {"id":"{972ce4c6-7e08-4474-a285-3208198ce6fd}","syncGUID":"YsGv6dyptJKx","location":"app-global","version":"47.0.2","type":"theme","internalName":"classic/1.0","updateURL":null,"updateKey":null,"optionsURL":null,"optionsType":null,"aboutURL":null,"icons":{"32":"icon.png","48":"icon.png"},"iconURL":null,"icon64URL":null,"defaultLocale":{"name":"Default","description":"The default theme.","creator":"Mozilla","homepageURL":null,"contributors":["Mozilla Contributors"]},"visible":true,"active":true,"userDisabled":false,"appDisabled":false,"descriptor":"C:\\Program Files\\Mozilla Firefox\\browser\\extensions\\{972ce4c6-7e08-4474-a285-3208198ce6fd}.xpi","installDate":1517055616635,"updateDate":1517055616635,"applyBackgroundUpdates":1,"skinnable":true,"size":22012,"sourceURI":null,"releaseNotesURI":null,"softDisabled":false,"foreignInstall":false,"hasBinaryComponents":false,"strictCompatibility":true,"locales":[],"targetApplications":[{"id":"{ec8030f7-c20a-464f-9b0e-13a3a9e97384}","minVersion":"47.0.2","maxVersion":"47.0.2"}],"targetPlatforms":[],"seen":true}
1520163147736	addons.xpi	DEBUG	getModTime: Recursive scan of {972ce4c6-7e08-4474-a285-3208198ce6fd}
1520163147739	DeferredSave.extensions.json	DEBUG	Save changes
1520163147739	addons.xpi	DEBUG	Updating database with changes to installed add-ons
1520163147739	addons.xpi-utils	DEBUG	Updating add-on states
1520163147742	addons.xpi-utils	DEBUG	Writing add-ons list
1520163147755	addons.xpi	DEBUG	Registering manifest for C:\Program Files\Mozilla Firefox\browser\features\e10srollout@mozilla.org.xpi
1520163147758	addons.xpi	DEBUG	Calling bootstrap method startup on e10srollout@mozilla.org version 1.0
1520163147758	addons.xpi	DEBUG	Registering manifest for C:\Program Files\Mozilla Firefox\browser\features\firefox@getpocket.com.xpi
1520163147765	addons.xpi	DEBUG	Calling bootstrap method startup on firefox@getpocket.com version 1.0.2
1520163147767	addons.xpi	DEBUG	Registering manifest for C:\Program Files\Mozilla Firefox\browser\features\loop@mozilla.org.xpi
1520163147773	addons.xpi	DEBUG	Calling bootstrap method startup on loop@mozilla.org version 1.3.2
1520163147876	addons.xpi	DEBUG	Registering manifest for C:\Program Files\Mozilla Firefox\browser\features\websensehelper@mozilla.org.xpi
1520163147882	addons.xpi	DEBUG	Calling bootstrap method startup on websensehelper@mozilla.org version 1.0
1520163147892	addons.manager	DEBUG	Registering shutdown blocker for XPIProvider
1520163147893	addons.manager	DEBUG	Provider finished startup: XPIProvider
1520163147894	addons.manager	DEBUG	Starting provider: LightweightThemeManager
1520163147894	addons.manager	DEBUG	Registering shutdown blocker for LightweightThemeManager
1520163147897	addons.manager	DEBUG	Provider finished startup: LightweightThemeManager
1520163147899	addons.manager	DEBUG	Starting provider: GMPProvider
1520163147934	addons.manager	DEBUG	Registering shutdown blocker for GMPProvider
1520163147935	addons.manager	DEBUG	Provider finished startup: GMPProvider
1520163147935	addons.manager	DEBUG	Starting provider: PluginProvider
1520163147935	addons.manager	DEBUG	Registering shutdown blocker for PluginProvider
1520163147936	addons.manager	DEBUG	Provider finished startup: PluginProvider
1520163147937	addons.manager	DEBUG	Completed startup sequence

	at org.openqa.selenium.firefox.internal.NewProfileExtensionConnection.start(NewProfileExtensionConnection.java:112)
	... 31 more
... Removed 24 stack frames]]>
    </failure>
  </testcase> <!-- loginTest -->
</testsuite> <!-- Test -->
