<?xml version="1.0" encoding="UTF-8"?>
<testng-results skipped="0" failed="2" ignored="0" total="2" passed="0">
  <reporter-output>
  </reporter-output>
  <suite name="Suite" duration-ms="96408" started-at="2018-03-04T11:50:20Z" finished-at="2018-03-04T11:51:57Z">
    <groups>
    </groups>
    <test name="Test" duration-ms="96408" started-at="2018-03-04T11:50:20Z" finished-at="2018-03-04T11:51:57Z">
      <class name="gitTest.GitTest">
        <test-method status="FAIL" signature="loginTest()[pri:0, instance:gitTest.GitTest@73f792cf]" name="loginTest" duration-ms="46285" started-at="2018-03-04T17:21:10Z" finished-at="2018-03-04T17:21:57Z">
          <exception class="org.openqa.selenium.WebDriverException">
            <message>
              <![CDATA[Failed to connect to binary FirefoxBinary(C:\Program Files\Mozilla Firefox\firefox.exe) on port 7055; process output follows: 
ll},"visible":true,"active":true,"userDisabled":false,"appDisabled":false,"descriptor":"C:\\Program Files\\Mozilla Firefox\\browser\\features\\websensehelper@mozilla.org.xpi","installDate":1517055616651,"updateDate":1517055616651,"applyBackgroundUpdates":1,"bootstrap":true,"skinnable":false,"size":3110,"sourceURI":null,"releaseNotesURI":null,"softDisabled":false,"foreignInstall":false,"hasBinaryComponents":false,"strictCompatibility":false,"locales":[],"targetApplications":[{"id":"{ec8030f7-c20a-464f-9b0e-13a3a9e97384}","minVersion":"47.0.2","maxVersion":"47.*"}],"targetPlatforms":[],"multiprocessCompatible":false,"seen":true}
1520164273057	addons.xpi	DEBUG	getModTime: Recursive scan of websensehelper@mozilla.org
1520164273058	addons.xpi	DEBUG	Updating XPIState for {"id":"{972ce4c6-7e08-4474-a285-3208198ce6fd}","syncGUID":"fYf_oPM5AHz4","location":"app-global","version":"47.0.2","type":"theme","internalName":"classic/1.0","updateURL":null,"updateKey":null,"optionsURL":null,"optionsType":null,"aboutURL":null,"icons":{"32":"icon.png","48":"icon.png"},"iconURL":null,"icon64URL":null,"defaultLocale":{"name":"Default","description":"The default theme.","creator":"Mozilla","homepageURL":null,"contributors":["Mozilla Contributors"]},"visible":true,"active":true,"userDisabled":false,"appDisabled":false,"descriptor":"C:\\Program Files\\Mozilla Firefox\\browser\\extensions\\{972ce4c6-7e08-4474-a285-3208198ce6fd}.xpi","installDate":1517055616635,"updateDate":1517055616635,"applyBackgroundUpdates":1,"skinnable":true,"size":22012,"sourceURI":null,"releaseNotesURI":null,"softDisabled":false,"foreignInstall":false,"hasBinaryComponents":false,"strictCompatibility":true,"locales":[],"targetApplications":[{"id":"{ec8030f7-c20a-464f-9b0e-13a3a9e97384}","minVersion":"47.0.2","maxVersion":"47.0.2"}],"targetPlatforms":[],"seen":true}
1520164273059	addons.xpi	DEBUG	getModTime: Recursive scan of {972ce4c6-7e08-4474-a285-3208198ce6fd}
1520164273061	DeferredSave.extensions.json	DEBUG	Save changes
1520164273061	addons.xpi	DEBUG	Updating database with changes to installed add-ons
1520164273061	addons.xpi-utils	DEBUG	Updating add-on states
1520164273063	addons.xpi-utils	DEBUG	Writing add-ons list
1520164273073	addons.xpi	DEBUG	Registering manifest for C:\Program Files\Mozilla Firefox\browser\features\e10srollout@mozilla.org.xpi
1520164273074	addons.xpi	DEBUG	Calling bootstrap method startup on e10srollout@mozilla.org version 1.0
1520164273074	addons.xpi	DEBUG	Registering manifest for C:\Program Files\Mozilla Firefox\browser\features\firefox@getpocket.com.xpi
1520164273076	addons.xpi	DEBUG	Calling bootstrap method startup on firefox@getpocket.com version 1.0.2
1520164273077	addons.xpi	DEBUG	Registering manifest for C:\Program Files\Mozilla Firefox\browser\features\loop@mozilla.org.xpi
1520164273079	addons.xpi	DEBUG	Calling bootstrap method startup on loop@mozilla.org version 1.3.2
1520164273118	addons.xpi	DEBUG	Registering manifest for C:\Program Files\Mozilla Firefox\browser\features\websensehelper@mozilla.org.xpi
1520164273119	addons.xpi	DEBUG	Calling bootstrap method startup on websensehelper@mozilla.org version 1.0
1520164273125	addons.manager	DEBUG	Registering shutdown blocker for XPIProvider
1520164273126	addons.manager	DEBUG	Provider finished startup: XPIProvider
1520164273126	addons.manager	DEBUG	Starting provider: LightweightThemeManager
1520164273126	addons.manager	DEBUG	Registering shutdown blocker for LightweightThemeManager
1520164273127	addons.manager	DEBUG	Provider finished startup: LightweightThemeManager
1520164273128	addons.manager	DEBUG	Starting provider: GMPProvider
1520164273146	addons.manager	DEBUG	Registering shutdown blocker for GMPProvider
1520164273147	addons.manager	DEBUG	Provider finished startup: GMPProvider
1520164273147	addons.manager	DEBUG	Starting provider: PluginProvider
1520164273147	addons.manager	DEBUG	Registering shutdown blocker for PluginProvider
1520164273148	addons.manager	DEBUG	Provider finished startup: PluginProvider
1520164273149	addons.manager	DEBUG	Completed startup sequence

Build info: version: '2.53.1', revision: 'a36b8b1cd5757287168e54b817830adce9b0158d', time: '2016-06-30 19:26:09'
System info: host: 'WinkidzzDLP', ip: '192.168.0.119', os.name: 'Windows 7', os.arch: 'amd64', os.version: '6.1', java.version: '1.8.0_151'
Driver info: driver.version: FirefoxDriver]]>
            </message>
            <full-stacktrace>
              <![CDATA[org.openqa.selenium.WebDriverException: Failed to connect to binary FirefoxBinary(C:\Program Files\Mozilla Firefox\firefox.exe) on port 7055; process output follows: 
ll},"visible":true,"active":true,"userDisabled":false,"appDisabled":false,"descriptor":"C:\\Program Files\\Mozilla Firefox\\browser\\features\\websensehelper@mozilla.org.xpi","installDate":1517055616651,"updateDate":1517055616651,"applyBackgroundUpdates":1,"bootstrap":true,"skinnable":false,"size":3110,"sourceURI":null,"releaseNotesURI":null,"softDisabled":false,"foreignInstall":false,"hasBinaryComponents":false,"strictCompatibility":false,"locales":[],"targetApplications":[{"id":"{ec8030f7-c20a-464f-9b0e-13a3a9e97384}","minVersion":"47.0.2","maxVersion":"47.*"}],"targetPlatforms":[],"multiprocessCompatible":false,"seen":true}
1520164273057	addons.xpi	DEBUG	getModTime: Recursive scan of websensehelper@mozilla.org
1520164273058	addons.xpi	DEBUG	Updating XPIState for {"id":"{972ce4c6-7e08-4474-a285-3208198ce6fd}","syncGUID":"fYf_oPM5AHz4","location":"app-global","version":"47.0.2","type":"theme","internalName":"classic/1.0","updateURL":null,"updateKey":null,"optionsURL":null,"optionsType":null,"aboutURL":null,"icons":{"32":"icon.png","48":"icon.png"},"iconURL":null,"icon64URL":null,"defaultLocale":{"name":"Default","description":"The default theme.","creator":"Mozilla","homepageURL":null,"contributors":["Mozilla Contributors"]},"visible":true,"active":true,"userDisabled":false,"appDisabled":false,"descriptor":"C:\\Program Files\\Mozilla Firefox\\browser\\extensions\\{972ce4c6-7e08-4474-a285-3208198ce6fd}.xpi","installDate":1517055616635,"updateDate":1517055616635,"applyBackgroundUpdates":1,"skinnable":true,"size":22012,"sourceURI":null,"releaseNotesURI":null,"softDisabled":false,"foreignInstall":false,"hasBinaryComponents":false,"strictCompatibility":true,"locales":[],"targetApplications":[{"id":"{ec8030f7-c20a-464f-9b0e-13a3a9e97384}","minVersion":"47.0.2","maxVersion":"47.0.2"}],"targetPlatforms":[],"seen":true}
1520164273059	addons.xpi	DEBUG	getModTime: Recursive scan of {972ce4c6-7e08-4474-a285-3208198ce6fd}
1520164273061	DeferredSave.extensions.json	DEBUG	Save changes
1520164273061	addons.xpi	DEBUG	Updating database with changes to installed add-ons
1520164273061	addons.xpi-utils	DEBUG	Updating add-on states
1520164273063	addons.xpi-utils	DEBUG	Writing add-ons list
1520164273073	addons.xpi	DEBUG	Registering manifest for C:\Program Files\Mozilla Firefox\browser\features\e10srollout@mozilla.org.xpi
1520164273074	addons.xpi	DEBUG	Calling bootstrap method startup on e10srollout@mozilla.org version 1.0
1520164273074	addons.xpi	DEBUG	Registering manifest for C:\Program Files\Mozilla Firefox\browser\features\firefox@getpocket.com.xpi
1520164273076	addons.xpi	DEBUG	Calling bootstrap method startup on firefox@getpocket.com version 1.0.2
1520164273077	addons.xpi	DEBUG	Registering manifest for C:\Program Files\Mozilla Firefox\browser\features\loop@mozilla.org.xpi
1520164273079	addons.xpi	DEBUG	Calling bootstrap method startup on loop@mozilla.org version 1.3.2
1520164273118	addons.xpi	DEBUG	Registering manifest for C:\Program Files\Mozilla Firefox\browser\features\websensehelper@mozilla.org.xpi
1520164273119	addons.xpi	DEBUG	Calling bootstrap method startup on websensehelper@mozilla.org version 1.0
1520164273125	addons.manager	DEBUG	Registering shutdown blocker for XPIProvider
1520164273126	addons.manager	DEBUG	Provider finished startup: XPIProvider
1520164273126	addons.manager	DEBUG	Starting provider: LightweightThemeManager
1520164273126	addons.manager	DEBUG	Registering shutdown blocker for LightweightThemeManager
1520164273127	addons.manager	DEBUG	Provider finished startup: LightweightThemeManager
1520164273128	addons.manager	DEBUG	Starting provider: GMPProvider
1520164273146	addons.manager	DEBUG	Registering shutdown blocker for GMPProvider
1520164273147	addons.manager	DEBUG	Provider finished startup: GMPProvider
1520164273147	addons.manager	DEBUG	Starting provider: PluginProvider
1520164273147	addons.manager	DEBUG	Registering shutdown blocker for PluginProvider
1520164273148	addons.manager	DEBUG	Provider finished startup: PluginProvider
1520164273149	addons.manager	DEBUG	Completed startup sequence

Build info: version: '2.53.1', revision: 'a36b8b1cd5757287168e54b817830adce9b0158d', time: '2016-06-30 19:26:09'
System info: host: 'WinkidzzDLP', ip: '192.168.0.119', os.name: 'Windows 7', os.arch: 'amd64', os.version: '6.1', java.version: '1.8.0_151'
Driver info: driver.version: FirefoxDriver
	at org.openqa.selenium.firefox.internal.NewProfileExtensionConnection.start(NewProfileExtensionConnection.java:125)
	at org.openqa.selenium.firefox.FirefoxDriver.startClient(FirefoxDriver.java:271)
	at org.openqa.selenium.remote.RemoteWebDriver.<init>(RemoteWebDriver.java:119)
	at org.openqa.selenium.firefox.FirefoxDriver.<init>(FirefoxDriver.java:216)
	at org.openqa.selenium.firefox.FirefoxDriver.<init>(FirefoxDriver.java:211)
	at org.openqa.selenium.firefox.FirefoxDriver.<init>(FirefoxDriver.java:207)
	at org.openqa.selenium.firefox.FirefoxDriver.<init>(FirefoxDriver.java:120)
	at gitTest.GitTest.loginTest(GitTest.java:19)
	at sun.reflect.NativeMethodAccessorImpl.invoke0(Native Method)
	at sun.reflect.NativeMethodAccessorImpl.invoke(NativeMethodAccessorImpl.java:62)
	at sun.reflect.DelegatingMethodAccessorImpl.invoke(DelegatingMethodAccessorImpl.java:43)
	at java.lang.reflect.Method.invoke(Method.java:498)
	at org.testng.internal.MethodInvocationHelper.invokeMethod(MethodInvocationHelper.java:104)
	at org.testng.internal.Invoker.invokeMethod(Invoker.java:645)
	at org.testng.internal.Invoker.invokeTestMethod(Invoker.java:851)
	at org.testng.internal.Invoker.invokeTestMethods(Invoker.java:1177)
	at org.testng.internal.TestMethodWorker.invokeTestMethods(TestMethodWorker.java:129)
	at org.testng.internal.TestMethodWorker.run(TestMethodWorker.java:112)
	at org.testng.TestRunner.privateRun(TestRunner.java:756)
	at org.testng.TestRunner.run(TestRunner.java:610)
	at org.testng.SuiteRunner.runTest(SuiteRunner.java:387)
	at org.testng.SuiteRunner.runSequentially(SuiteRunner.java:382)
	at org.testng.SuiteRunner.privateRun(SuiteRunner.java:340)
	at org.testng.SuiteRunner.run(SuiteRunner.java:289)
	at org.testng.SuiteRunnerWorker.runSuite(SuiteRunnerWorker.java:52)
	at org.testng.SuiteRunnerWorker.run(SuiteRunnerWorker.java:86)
	at org.testng.TestNG.runSuitesSequentially(TestNG.java:1293)
	at org.testng.TestNG.runSuitesLocally(TestNG.java:1218)
	at org.testng.TestNG.runSuites(TestNG.java:1133)
	at org.testng.TestNG.run(TestNG.java:1104)
	at org.apache.maven.surefire.testng.TestNGExecutor.run(TestNGExecutor.java:283)
	at org.apache.maven.surefire.testng.TestNGXmlTestSuite.execute(TestNGXmlTestSuite.java:75)
	at org.apache.maven.surefire.testng.TestNGProvider.invoke(TestNGProvider.java:120)
	at org.apache.maven.surefire.booter.ForkedBooter.invokeProviderInSameClassLoader(ForkedBooter.java:373)
	at org.apache.maven.surefire.booter.ForkedBooter.runSuitesInProcess(ForkedBooter.java:334)
	at org.apache.maven.surefire.booter.ForkedBooter.execute(ForkedBooter.java:119)
	at org.apache.maven.surefire.booter.ForkedBooter.main(ForkedBooter.java:407)
Caused by: org.openqa.selenium.firefox.NotConnectedException: Unable to connect to host 127.0.0.1 on port 7055 after 45000 ms. Firefox console output:
ll},"visible":true,"active":true,"userDisabled":false,"appDisabled":false,"descriptor":"C:\\Program Files\\Mozilla Firefox\\browser\\features\\websensehelper@mozilla.org.xpi","installDate":1517055616651,"updateDate":1517055616651,"applyBackgroundUpdates":1,"bootstrap":true,"skinnable":false,"size":3110,"sourceURI":null,"releaseNotesURI":null,"softDisabled":false,"foreignInstall":false,"hasBinaryComponents":false,"strictCompatibility":false,"locales":[],"targetApplications":[{"id":"{ec8030f7-c20a-464f-9b0e-13a3a9e97384}","minVersion":"47.0.2","maxVersion":"47.*"}],"targetPlatforms":[],"multiprocessCompatible":false,"seen":true}
1520164273057	addons.xpi	DEBUG	getModTime: Recursive scan of websensehelper@mozilla.org
1520164273058	addons.xpi	DEBUG	Updating XPIState for {"id":"{972ce4c6-7e08-4474-a285-3208198ce6fd}","syncGUID":"fYf_oPM5AHz4","location":"app-global","version":"47.0.2","type":"theme","internalName":"classic/1.0","updateURL":null,"updateKey":null,"optionsURL":null,"optionsType":null,"aboutURL":null,"icons":{"32":"icon.png","48":"icon.png"},"iconURL":null,"icon64URL":null,"defaultLocale":{"name":"Default","description":"The default theme.","creator":"Mozilla","homepageURL":null,"contributors":["Mozilla Contributors"]},"visible":true,"active":true,"userDisabled":false,"appDisabled":false,"descriptor":"C:\\Program Files\\Mozilla Firefox\\browser\\extensions\\{972ce4c6-7e08-4474-a285-3208198ce6fd}.xpi","installDate":1517055616635,"updateDate":1517055616635,"applyBackgroundUpdates":1,"skinnable":true,"size":22012,"sourceURI":null,"releaseNotesURI":null,"softDisabled":false,"foreignInstall":false,"hasBinaryComponents":false,"strictCompatibility":true,"locales":[],"targetApplications":[{"id":"{ec8030f7-c20a-464f-9b0e-13a3a9e97384}","minVersion":"47.0.2","maxVersion":"47.0.2"}],"targetPlatforms":[],"seen":true}
1520164273059	addons.xpi	DEBUG	getModTime: Recursive scan of {972ce4c6-7e08-4474-a285-3208198ce6fd}
1520164273061	DeferredSave.extensions.json	DEBUG	Save changes
1520164273061	addons.xpi	DEBUG	Updating database with changes to installed add-ons
1520164273061	addons.xpi-utils	DEBUG	Updating add-on states
1520164273063	addons.xpi-utils	DEBUG	Writing add-ons list
1520164273073	addons.xpi	DEBUG	Registering manifest for C:\Program Files\Mozilla Firefox\browser\features\e10srollout@mozilla.org.xpi
1520164273074	addons.xpi	DEBUG	Calling bootstrap method startup on e10srollout@mozilla.org version 1.0
1520164273074	addons.xpi	DEBUG	Registering manifest for C:\Program Files\Mozilla Firefox\browser\features\firefox@getpocket.com.xpi
1520164273076	addons.xpi	DEBUG	Calling bootstrap method startup on firefox@getpocket.com version 1.0.2
1520164273077	addons.xpi	DEBUG	Registering manifest for C:\Program Files\Mozilla Firefox\browser\features\loop@mozilla.org.xpi
1520164273079	addons.xpi	DEBUG	Calling bootstrap method startup on loop@mozilla.org version 1.3.2
1520164273118	addons.xpi	DEBUG	Registering manifest for C:\Program Files\Mozilla Firefox\browser\features\websensehelper@mozilla.org.xpi
1520164273119	addons.xpi	DEBUG	Calling bootstrap method startup on websensehelper@mozilla.org version 1.0
1520164273125	addons.manager	DEBUG	Registering shutdown blocker for XPIProvider
1520164273126	addons.manager	DEBUG	Provider finished startup: XPIProvider
1520164273126	addons.manager	DEBUG	Starting provider: LightweightThemeManager
1520164273126	addons.manager	DEBUG	Registering shutdown blocker for LightweightThemeManager
1520164273127	addons.manager	DEBUG	Provider finished startup: LightweightThemeManager
1520164273128	addons.manager	DEBUG	Starting provider: GMPProvider
1520164273146	addons.manager	DEBUG	Registering shutdown blocker for GMPProvider
1520164273147	addons.manager	DEBUG	Provider finished startup: GMPProvider
1520164273147	addons.manager	DEBUG	Starting provider: PluginProvider
1520164273147	addons.manager	DEBUG	Registering shutdown blocker for PluginProvider
1520164273148	addons.manager	DEBUG	Provider finished startup: PluginProvider
1520164273149	addons.manager	DEBUG	Completed startup sequence

	at org.openqa.selenium.firefox.internal.NewProfileExtensionConnection.start(NewProfileExtensionConnection.java:113)
	... 36 more
]]>
            </full-stacktrace>
          </exception> <!-- org.openqa.selenium.WebDriverException -->
          <reporter-output>
          </reporter-output>
        </test-method> <!-- loginTest -->
      </class> <!-- gitTest.GitTest -->
      <class name="gitTest.GitTest2">
        <test-method status="FAIL" signature="loginTest()[pri:0, instance:gitTest.GitTest2@79b4d0f]" name="loginTest" duration-ms="49973" started-at="2018-03-04T17:20:20Z" finished-at="2018-03-04T17:21:10Z">
          <exception class="org.openqa.selenium.WebDriverException">
            <message>
              <![CDATA[Failed to connect to binary FirefoxBinary(C:\Program Files\Mozilla Firefox\firefox.exe) on port 7055; process output follows: 
ll},"visible":true,"active":true,"userDisabled":false,"appDisabled":false,"descriptor":"C:\\Program Files\\Mozilla Firefox\\browser\\features\\websensehelper@mozilla.org.xpi","installDate":1517055616651,"updateDate":1517055616651,"applyBackgroundUpdates":1,"bootstrap":true,"skinnable":false,"size":3110,"sourceURI":null,"releaseNotesURI":null,"softDisabled":false,"foreignInstall":false,"hasBinaryComponents":false,"strictCompatibility":false,"locales":[],"targetApplications":[{"id":"{ec8030f7-c20a-464f-9b0e-13a3a9e97384}","minVersion":"47.0.2","maxVersion":"47.*"}],"targetPlatforms":[],"multiprocessCompatible":false,"seen":true}
1520164226849	addons.xpi	DEBUG	getModTime: Recursive scan of websensehelper@mozilla.org
1520164226850	addons.xpi	DEBUG	Updating XPIState for {"id":"{972ce4c6-7e08-4474-a285-3208198ce6fd}","syncGUID":"0Sj_xEwiQd5Y","location":"app-global","version":"47.0.2","type":"theme","internalName":"classic/1.0","updateURL":null,"updateKey":null,"optionsURL":null,"optionsType":null,"aboutURL":null,"icons":{"32":"icon.png","48":"icon.png"},"iconURL":null,"icon64URL":null,"defaultLocale":{"name":"Default","description":"The default theme.","creator":"Mozilla","homepageURL":null,"contributors":["Mozilla Contributors"]},"visible":true,"active":true,"userDisabled":false,"appDisabled":false,"descriptor":"C:\\Program Files\\Mozilla Firefox\\browser\\extensions\\{972ce4c6-7e08-4474-a285-3208198ce6fd}.xpi","installDate":1517055616635,"updateDate":1517055616635,"applyBackgroundUpdates":1,"skinnable":true,"size":22012,"sourceURI":null,"releaseNotesURI":null,"softDisabled":false,"foreignInstall":false,"hasBinaryComponents":false,"strictCompatibility":true,"locales":[],"targetApplications":[{"id":"{ec8030f7-c20a-464f-9b0e-13a3a9e97384}","minVersion":"47.0.2","maxVersion":"47.0.2"}],"targetPlatforms":[],"seen":true}
1520164226850	addons.xpi	DEBUG	getModTime: Recursive scan of {972ce4c6-7e08-4474-a285-3208198ce6fd}
1520164226853	DeferredSave.extensions.json	DEBUG	Save changes
1520164226853	addons.xpi	DEBUG	Updating database with changes to installed add-ons
1520164226853	addons.xpi-utils	DEBUG	Updating add-on states
1520164226856	addons.xpi-utils	DEBUG	Writing add-ons list
1520164226862	addons.xpi	DEBUG	Registering manifest for C:\Program Files\Mozilla Firefox\browser\features\e10srollout@mozilla.org.xpi
1520164226863	addons.xpi	DEBUG	Calling bootstrap method startup on e10srollout@mozilla.org version 1.0
1520164226863	addons.xpi	DEBUG	Registering manifest for C:\Program Files\Mozilla Firefox\browser\features\firefox@getpocket.com.xpi
1520164226865	addons.xpi	DEBUG	Calling bootstrap method startup on firefox@getpocket.com version 1.0.2
1520164226867	addons.xpi	DEBUG	Registering manifest for C:\Program Files\Mozilla Firefox\browser\features\loop@mozilla.org.xpi
1520164226868	addons.xpi	DEBUG	Calling bootstrap method startup on loop@mozilla.org version 1.3.2
1520164226912	addons.xpi	DEBUG	Registering manifest for C:\Program Files\Mozilla Firefox\browser\features\websensehelper@mozilla.org.xpi
1520164226915	addons.xpi	DEBUG	Calling bootstrap method startup on websensehelper@mozilla.org version 1.0
1520164226922	addons.manager	DEBUG	Registering shutdown blocker for XPIProvider
1520164226923	addons.manager	DEBUG	Provider finished startup: XPIProvider
1520164226923	addons.manager	DEBUG	Starting provider: LightweightThemeManager
1520164226923	addons.manager	DEBUG	Registering shutdown blocker for LightweightThemeManager
1520164226923	addons.manager	DEBUG	Provider finished startup: LightweightThemeManager
1520164226924	addons.manager	DEBUG	Starting provider: GMPProvider
1520164226938	addons.manager	DEBUG	Registering shutdown blocker for GMPProvider
1520164226939	addons.manager	DEBUG	Provider finished startup: GMPProvider
1520164226940	addons.manager	DEBUG	Starting provider: PluginProvider
1520164226940	addons.manager	DEBUG	Registering shutdown blocker for PluginProvider
1520164226941	addons.manager	DEBUG	Provider finished startup: PluginProvider
1520164226942	addons.manager	DEBUG	Completed startup sequence

Build info: version: '2.53.1', revision: 'a36b8b1cd5757287168e54b817830adce9b0158d', time: '2016-06-30 19:26:09'
System info: host: 'WinkidzzDLP', ip: '192.168.0.119', os.name: 'Windows 7', os.arch: 'amd64', os.version: '6.1', java.version: '1.8.0_151'
Driver info: driver.version: FirefoxDriver]]>
            </message>
            <full-stacktrace>
              <![CDATA[org.openqa.selenium.WebDriverException: Failed to connect to binary FirefoxBinary(C:\Program Files\Mozilla Firefox\firefox.exe) on port 7055; process output follows: 
ll},"visible":true,"active":true,"userDisabled":false,"appDisabled":false,"descriptor":"C:\\Program Files\\Mozilla Firefox\\browser\\features\\websensehelper@mozilla.org.xpi","installDate":1517055616651,"updateDate":1517055616651,"applyBackgroundUpdates":1,"bootstrap":true,"skinnable":false,"size":3110,"sourceURI":null,"releaseNotesURI":null,"softDisabled":false,"foreignInstall":false,"hasBinaryComponents":false,"strictCompatibility":false,"locales":[],"targetApplications":[{"id":"{ec8030f7-c20a-464f-9b0e-13a3a9e97384}","minVersion":"47.0.2","maxVersion":"47.*"}],"targetPlatforms":[],"multiprocessCompatible":false,"seen":true}
1520164226849	addons.xpi	DEBUG	getModTime: Recursive scan of websensehelper@mozilla.org
1520164226850	addons.xpi	DEBUG	Updating XPIState for {"id":"{972ce4c6-7e08-4474-a285-3208198ce6fd}","syncGUID":"0Sj_xEwiQd5Y","location":"app-global","version":"47.0.2","type":"theme","internalName":"classic/1.0","updateURL":null,"updateKey":null,"optionsURL":null,"optionsType":null,"aboutURL":null,"icons":{"32":"icon.png","48":"icon.png"},"iconURL":null,"icon64URL":null,"defaultLocale":{"name":"Default","description":"The default theme.","creator":"Mozilla","homepageURL":null,"contributors":["Mozilla Contributors"]},"visible":true,"active":true,"userDisabled":false,"appDisabled":false,"descriptor":"C:\\Program Files\\Mozilla Firefox\\browser\\extensions\\{972ce4c6-7e08-4474-a285-3208198ce6fd}.xpi","installDate":1517055616635,"updateDate":1517055616635,"applyBackgroundUpdates":1,"skinnable":true,"size":22012,"sourceURI":null,"releaseNotesURI":null,"softDisabled":false,"foreignInstall":false,"hasBinaryComponents":false,"strictCompatibility":true,"locales":[],"targetApplications":[{"id":"{ec8030f7-c20a-464f-9b0e-13a3a9e97384}","minVersion":"47.0.2","maxVersion":"47.0.2"}],"targetPlatforms":[],"seen":true}
1520164226850	addons.xpi	DEBUG	getModTime: Recursive scan of {972ce4c6-7e08-4474-a285-3208198ce6fd}
1520164226853	DeferredSave.extensions.json	DEBUG	Save changes
1520164226853	addons.xpi	DEBUG	Updating database with changes to installed add-ons
1520164226853	addons.xpi-utils	DEBUG	Updating add-on states
1520164226856	addons.xpi-utils	DEBUG	Writing add-ons list
1520164226862	addons.xpi	DEBUG	Registering manifest for C:\Program Files\Mozilla Firefox\browser\features\e10srollout@mozilla.org.xpi
1520164226863	addons.xpi	DEBUG	Calling bootstrap method startup on e10srollout@mozilla.org version 1.0
1520164226863	addons.xpi	DEBUG	Registering manifest for C:\Program Files\Mozilla Firefox\browser\features\firefox@getpocket.com.xpi
1520164226865	addons.xpi	DEBUG	Calling bootstrap method startup on firefox@getpocket.com version 1.0.2
1520164226867	addons.xpi	DEBUG	Registering manifest for C:\Program Files\Mozilla Firefox\browser\features\loop@mozilla.org.xpi
1520164226868	addons.xpi	DEBUG	Calling bootstrap method startup on loop@mozilla.org version 1.3.2
1520164226912	addons.xpi	DEBUG	Registering manifest for C:\Program Files\Mozilla Firefox\browser\features\websensehelper@mozilla.org.xpi
1520164226915	addons.xpi	DEBUG	Calling bootstrap method startup on websensehelper@mozilla.org version 1.0
1520164226922	addons.manager	DEBUG	Registering shutdown blocker for XPIProvider
1520164226923	addons.manager	DEBUG	Provider finished startup: XPIProvider
1520164226923	addons.manager	DEBUG	Starting provider: LightweightThemeManager
1520164226923	addons.manager	DEBUG	Registering shutdown blocker for LightweightThemeManager
1520164226923	addons.manager	DEBUG	Provider finished startup: LightweightThemeManager
1520164226924	addons.manager	DEBUG	Starting provider: GMPProvider
1520164226938	addons.manager	DEBUG	Registering shutdown blocker for GMPProvider
1520164226939	addons.manager	DEBUG	Provider finished startup: GMPProvider
1520164226940	addons.manager	DEBUG	Starting provider: PluginProvider
1520164226940	addons.manager	DEBUG	Registering shutdown blocker for PluginProvider
1520164226941	addons.manager	DEBUG	Provider finished startup: PluginProvider
1520164226942	addons.manager	DEBUG	Completed startup sequence

Build info: version: '2.53.1', revision: 'a36b8b1cd5757287168e54b817830adce9b0158d', time: '2016-06-30 19:26:09'
System info: host: 'WinkidzzDLP', ip: '192.168.0.119', os.name: 'Windows 7', os.arch: 'amd64', os.version: '6.1', java.version: '1.8.0_151'
Driver info: driver.version: FirefoxDriver
	at org.openqa.selenium.firefox.internal.NewProfileExtensionConnection.start(NewProfileExtensionConnection.java:125)
	at org.openqa.selenium.firefox.FirefoxDriver.startClient(FirefoxDriver.java:271)
	at org.openqa.selenium.remote.RemoteWebDriver.<init>(RemoteWebDriver.java:119)
	at org.openqa.selenium.firefox.FirefoxDriver.<init>(FirefoxDriver.java:216)
	at org.openqa.selenium.firefox.FirefoxDriver.<init>(FirefoxDriver.java:211)
	at org.openqa.selenium.firefox.FirefoxDriver.<init>(FirefoxDriver.java:207)
	at org.openqa.selenium.firefox.FirefoxDriver.<init>(FirefoxDriver.java:120)
	at gitTest.GitTest2.loginTest(GitTest2.java:19)
	at sun.reflect.NativeMethodAccessorImpl.invoke0(Native Method)
	at sun.reflect.NativeMethodAccessorImpl.invoke(NativeMethodAccessorImpl.java:62)
	at sun.reflect.DelegatingMethodAccessorImpl.invoke(DelegatingMethodAccessorImpl.java:43)
	at java.lang.reflect.Method.invoke(Method.java:498)
	at org.testng.internal.MethodInvocationHelper.invokeMethod(MethodInvocationHelper.java:104)
	at org.testng.internal.Invoker.invokeMethod(Invoker.java:645)
	at org.testng.internal.Invoker.invokeTestMethod(Invoker.java:851)
	at org.testng.internal.Invoker.invokeTestMethods(Invoker.java:1177)
	at org.testng.internal.TestMethodWorker.invokeTestMethods(TestMethodWorker.java:129)
	at org.testng.internal.TestMethodWorker.run(TestMethodWorker.java:112)
	at org.testng.TestRunner.privateRun(TestRunner.java:756)
	at org.testng.TestRunner.run(TestRunner.java:610)
	at org.testng.SuiteRunner.runTest(SuiteRunner.java:387)
	at org.testng.SuiteRunner.runSequentially(SuiteRunner.java:382)
	at org.testng.SuiteRunner.privateRun(SuiteRunner.java:340)
	at org.testng.SuiteRunner.run(SuiteRunner.java:289)
	at org.testng.SuiteRunnerWorker.runSuite(SuiteRunnerWorker.java:52)
	at org.testng.SuiteRunnerWorker.run(SuiteRunnerWorker.java:86)
	at org.testng.TestNG.runSuitesSequentially(TestNG.java:1293)
	at org.testng.TestNG.runSuitesLocally(TestNG.java:1218)
	at org.testng.TestNG.runSuites(TestNG.java:1133)
	at org.testng.TestNG.run(TestNG.java:1104)
	at org.apache.maven.surefire.testng.TestNGExecutor.run(TestNGExecutor.java:283)
	at org.apache.maven.surefire.testng.TestNGXmlTestSuite.execute(TestNGXmlTestSuite.java:75)
	at org.apache.maven.surefire.testng.TestNGProvider.invoke(TestNGProvider.java:120)
	at org.apache.maven.surefire.booter.ForkedBooter.invokeProviderInSameClassLoader(ForkedBooter.java:373)
	at org.apache.maven.surefire.booter.ForkedBooter.runSuitesInProcess(ForkedBooter.java:334)
	at org.apache.maven.surefire.booter.ForkedBooter.execute(ForkedBooter.java:119)
	at org.apache.maven.surefire.booter.ForkedBooter.main(ForkedBooter.java:407)
Caused by: org.openqa.selenium.firefox.NotConnectedException: Unable to connect to host 127.0.0.1 on port 7055 after 45000 ms. Firefox console output:
ll},"visible":true,"active":true,"userDisabled":false,"appDisabled":false,"descriptor":"C:\\Program Files\\Mozilla Firefox\\browser\\features\\websensehelper@mozilla.org.xpi","installDate":1517055616651,"updateDate":1517055616651,"applyBackgroundUpdates":1,"bootstrap":true,"skinnable":false,"size":3110,"sourceURI":null,"releaseNotesURI":null,"softDisabled":false,"foreignInstall":false,"hasBinaryComponents":false,"strictCompatibility":false,"locales":[],"targetApplications":[{"id":"{ec8030f7-c20a-464f-9b0e-13a3a9e97384}","minVersion":"47.0.2","maxVersion":"47.*"}],"targetPlatforms":[],"multiprocessCompatible":false,"seen":true}
1520164226849	addons.xpi	DEBUG	getModTime: Recursive scan of websensehelper@mozilla.org
1520164226850	addons.xpi	DEBUG	Updating XPIState for {"id":"{972ce4c6-7e08-4474-a285-3208198ce6fd}","syncGUID":"0Sj_xEwiQd5Y","location":"app-global","version":"47.0.2","type":"theme","internalName":"classic/1.0","updateURL":null,"updateKey":null,"optionsURL":null,"optionsType":null,"aboutURL":null,"icons":{"32":"icon.png","48":"icon.png"},"iconURL":null,"icon64URL":null,"defaultLocale":{"name":"Default","description":"The default theme.","creator":"Mozilla","homepageURL":null,"contributors":["Mozilla Contributors"]},"visible":true,"active":true,"userDisabled":false,"appDisabled":false,"descriptor":"C:\\Program Files\\Mozilla Firefox\\browser\\extensions\\{972ce4c6-7e08-4474-a285-3208198ce6fd}.xpi","installDate":1517055616635,"updateDate":1517055616635,"applyBackgroundUpdates":1,"skinnable":true,"size":22012,"sourceURI":null,"releaseNotesURI":null,"softDisabled":false,"foreignInstall":false,"hasBinaryComponents":false,"strictCompatibility":true,"locales":[],"targetApplications":[{"id":"{ec8030f7-c20a-464f-9b0e-13a3a9e97384}","minVersion":"47.0.2","maxVersion":"47.0.2"}],"targetPlatforms":[],"seen":true}
1520164226850	addons.xpi	DEBUG	getModTime: Recursive scan of {972ce4c6-7e08-4474-a285-3208198ce6fd}
1520164226853	DeferredSave.extensions.json	DEBUG	Save changes
1520164226853	addons.xpi	DEBUG	Updating database with changes to installed add-ons
1520164226853	addons.xpi-utils	DEBUG	Updating add-on states
1520164226856	addons.xpi-utils	DEBUG	Writing add-ons list
1520164226862	addons.xpi	DEBUG	Registering manifest for C:\Program Files\Mozilla Firefox\browser\features\e10srollout@mozilla.org.xpi
1520164226863	addons.xpi	DEBUG	Calling bootstrap method startup on e10srollout@mozilla.org version 1.0
1520164226863	addons.xpi	DEBUG	Registering manifest for C:\Program Files\Mozilla Firefox\browser\features\firefox@getpocket.com.xpi
1520164226865	addons.xpi	DEBUG	Calling bootstrap method startup on firefox@getpocket.com version 1.0.2
1520164226867	addons.xpi	DEBUG	Registering manifest for C:\Program Files\Mozilla Firefox\browser\features\loop@mozilla.org.xpi
1520164226868	addons.xpi	DEBUG	Calling bootstrap method startup on loop@mozilla.org version 1.3.2
1520164226912	addons.xpi	DEBUG	Registering manifest for C:\Program Files\Mozilla Firefox\browser\features\websensehelper@mozilla.org.xpi
1520164226915	addons.xpi	DEBUG	Calling bootstrap method startup on websensehelper@mozilla.org version 1.0
1520164226922	addons.manager	DEBUG	Registering shutdown blocker for XPIProvider
1520164226923	addons.manager	DEBUG	Provider finished startup: XPIProvider
1520164226923	addons.manager	DEBUG	Starting provider: LightweightThemeManager
1520164226923	addons.manager	DEBUG	Registering shutdown blocker for LightweightThemeManager
1520164226923	addons.manager	DEBUG	Provider finished startup: LightweightThemeManager
1520164226924	addons.manager	DEBUG	Starting provider: GMPProvider
1520164226938	addons.manager	DEBUG	Registering shutdown blocker for GMPProvider
1520164226939	addons.manager	DEBUG	Provider finished startup: GMPProvider
1520164226940	addons.manager	DEBUG	Starting provider: PluginProvider
1520164226940	addons.manager	DEBUG	Registering shutdown blocker for PluginProvider
1520164226941	addons.manager	DEBUG	Provider finished startup: PluginProvider
1520164226942	addons.manager	DEBUG	Completed startup sequence

	at org.openqa.selenium.firefox.internal.NewProfileExtensionConnection.start(NewProfileExtensionConnection.java:113)
	... 36 more
]]>
            </full-stacktrace>
          </exception> <!-- org.openqa.selenium.WebDriverException -->
          <reporter-output>
          </reporter-output>
        </test-method> <!-- loginTest -->
      </class> <!-- gitTest.GitTest2 -->
    </test> <!-- Test -->
  </suite> <!-- Suite -->
</testng-results>
